[1/2] "C:/Program Files/Microsoft Visual Studio/2022/Community/Common7/IDE/CommonExtensions/Microsoft/CMake/CMake/bin/cmake.exe" -E chdir ".." "C:/Program Files/Microsoft Visual Studio/2022/Community/Common7/IDE/CommonExtensions/Microsoft/CMake/CMake/bin/cmake.exe" "D:/ImportantData/Coding/EpsilonTheatrics/SSHServerTest/vcpkg_installed/vcpkg/blds/libssh/src/libssh-0-5594e2099c.clean" "-G" "Ninja" "-DCMAKE_BUILD_TYPE=Release" "-DCMAKE_INSTALL_PREFIX=D:/ImportantData/Coding/EpsilonTheatrics/SSHServerTest/vcpkg_installed/vcpkg/pkgs/libssh_x64-windows" "-DFETCHCONTENT_FULLY_DISCONNECTED=ON" "-DWITH_PCAP=ON" "-DWITH_SERVER=ON" "-DWITH_ZLIB=OFF" "-DCMAKE_REQUIRE_FIND_PACKAGE_OpenSSL=ON" "-DWITH_EXAMPLES=OFF" "-DWITH_GSSAPI=OFF" "-DWITH_NACL=OFF" "-DWITH_SYMBOL_VERSIONING=OFF" "-DCMAKE_MAKE_PROGRAM=C:/Program Files/Microsoft Visual Studio/2022/Community/Common7/IDE/CommonExtensions/Microsoft/CMake/Ninja/ninja.exe" "-DBUILD_SHARED_LIBS=ON" "-DVCPKG_CHAINLOAD_TOOLCHAIN_FILE=C:/Program Files/Microsoft Visual Studio/2022/Community/VC/vcpkg/scripts/toolchains/windows.cmake" "-DVCPKG_TARGET_TRIPLET=x64-windows" "-DVCPKG_SET_CHARSET_FLAG=ON" "-DVCPKG_PLATFORM_TOOLSET=v143" "-DCMAKE_EXPORT_NO_PACKAGE_REGISTRY=ON" "-DCMAKE_FIND_PACKAGE_NO_PACKAGE_REGISTRY=ON" "-DCMAKE_FIND_PACKAGE_NO_SYSTEM_PACKAGE_REGISTRY=ON" "-DCMAKE_INSTALL_SYSTEM_RUNTIME_LIBS_SKIP=TRUE" "-DCMAKE_VERBOSE_MAKEFILE=ON" "-DVCPKG_APPLOCAL_DEPS=OFF" "-DCMAKE_TOOLCHAIN_FILE=C:/Program Files/Microsoft Visual Studio/2022/Community/VC/vcpkg/scripts/buildsystems/vcpkg.cmake" "-DCMAKE_ERROR_ON_ABSOLUTE_INSTALL_DESTINATION=ON" "-DVCPKG_CXX_FLAGS=" "-DVCPKG_CXX_FLAGS_RELEASE=" "-DVCPKG_CXX_FLAGS_DEBUG=" "-DVCPKG_C_FLAGS=" "-DVCPKG_C_FLAGS_RELEASE=" "-DVCPKG_C_FLAGS_DEBUG=" "-DVCPKG_CRT_LINKAGE=dynamic" "-DVCPKG_LINKER_FLAGS=" "-DVCPKG_LINKER_FLAGS_RELEASE=" "-DVCPKG_LINKER_FLAGS_DEBUG=" "-DVCPKG_TARGET_ARCHITECTURE=x64" "-DCMAKE_INSTALL_LIBDIR:STRING=lib" "-DCMAKE_INSTALL_BINDIR:STRING=bin" "-D_VCPKG_ROOT_DIR=C:/Program Files/Microsoft Visual Studio/2022/Community/VC/vcpkg" "-D_VCPKG_INSTALLED_DIR=D:/ImportantData/Coding/EpsilonTheatrics/SSHServerTest/vcpkg_installed" "-DVCPKG_MANIFEST_INSTALL=OFF"
CMake Deprecation Warning at CMakeLists.txt:1 (cmake_minimum_required):
  Compatibility with CMake < 3.5 will be removed from a future version of
  CMake.

  Update the VERSION argument <min> value or use a ...<max> suffix to tell
  CMake that the project does not need compatibility with older versions.


-- The C compiler identification is MSVC 19.42.34435.0
-- Detecting C compiler ABI info
-- Detecting C compiler ABI info - done
-- Check for working C compiler: C:/Program Files/Microsoft Visual Studio/2022/Community/VC/Tools/MSVC/14.42.34433/bin/Hostx64/x64/cl.exe - skipped
-- Detecting C compile features
-- Detecting C compile features - done
-- Could NOT find NSIS (missing: NSIS_MAKE) 
-- Performing Test WITH_/D__CRT_SECURE_CPP_OVERLOAD_STANDARD_NAMES_1_FLAG
-- Performing Test WITH_/D__CRT_SECURE_CPP_OVERLOAD_STANDARD_NAMES_1_FLAG - Success
-- Performing Test WITH_/D__CRT_SECURE_CPP_OVERLOAD_STANDARD_NAMES_COUNT_1_FLAG
-- Performing Test WITH_/D__CRT_SECURE_CPP_OVERLOAD_STANDARD_NAMES_COUNT_1_FLAG - Success
-- Performing Test WITH_/D__CRT_NONSTDC_NO_WARNINGS_1_FLAG
-- Performing Test WITH_/D__CRT_NONSTDC_NO_WARNINGS_1_FLAG - Success
-- Performing Test WITH_/D__CRT_SECURE_NO_WARNINGS_1_FLAG
-- Performing Test WITH_/D__CRT_SECURE_NO_WARNINGS_1_FLAG - Success
-- Found OpenSSL: optimized;D:/ImportantData/Coding/EpsilonTheatrics/SSHServerTest/vcpkg_installed/x64-windows/lib/libcrypto.lib;debug;D:/ImportantData/Coding/EpsilonTheatrics/SSHServerTest/vcpkg_installed/x64-windows/debug/lib/libcrypto.lib (found suitable version "3.4.0", minimum required is "1.0.1")
-- Performing Test CMAKE_HAVE_LIBC_PTHREAD
-- Performing Test CMAKE_HAVE_LIBC_PTHREAD - Failed
-- Looking for pthread_create in pthreads
-- Looking for pthread_create in pthreads - not found
-- Looking for pthread_create in pthread
-- Looking for pthread_create in pthread - not found
-- Found Threads: TRUE
CMake Warning (dev) at C:/Program Files/Microsoft Visual Studio/2022/Community/Common7/IDE/CommonExtensions/Microsoft/CMake/CMake/share/cmake-3.29/Modules/FindPackageHandleStandardArgs.cmake:438 (message):
  The package name passed to `find_package_handle_standard_args` (ARGP) does
  not match the name of the calling package (Argp).  This can lead to
  problems in calling code that expects `find_package` result variables
  (e.g., `_FOUND`) to follow a certain pattern.
Call Stack (most recent call first):
  cmake/Modules/FindArgp.cmake:67 (find_package_handle_standard_args)
  C:/Program Files/Microsoft Visual Studio/2022/Community/VC/vcpkg/scripts/buildsystems/vcpkg.cmake:859 (_find_package)
  CMakeLists.txt:114 (find_package)
This warning is for project developers.  Use -Wno-dev to suppress it.

-- Could NOT find ARGP (missing: ARGP_LIBRARIES ARGP_INCLUDE_DIR) 
-- Looking for argp.h
-- Looking for argp.h - not found
-- Looking for pty.h
-- Looking for pty.h - not found
-- Looking for utmp.h
-- Looking for utmp.h - not found
-- Looking for termios.h
-- Looking for termios.h - not found
-- Looking for unistd.h
-- Looking for unistd.h - not found
-- Looking for stdint.h
-- Looking for stdint.h - found
-- Looking for util.h
-- Looking for util.h - not found
-- Looking for libutil.h
-- Looking for libutil.h - not found
-- Looking for sys/time.h
-- Looking for sys/time.h - not found
-- Looking for sys/utime.h
-- Looking for sys/utime.h - found
-- Looking for sys/param.h
-- Looking for sys/param.h - not found
-- Looking for arpa/inet.h
-- Looking for arpa/inet.h - not found
-- Looking for byteswap.h
-- Looking for byteswap.h - not found
-- Looking for glob.h
-- Looking for glob.h - not found
-- Looking for valgrind/valgrind.h
-- Looking for valgrind/valgrind.h - not found
-- Looking for io.h
-- Looking for io.h - found
-- Looking for 3 include files winsock2.h, ..., wspiapi.h
-- Looking for 3 include files winsock2.h, ..., wspiapi.h - found
-- Looking for include files winsock2.h, ws2tcpip.h
-- Looking for include files winsock2.h, ws2tcpip.h - found
-- Looking for openssl/des.h
-- Looking for openssl/des.h - found
-- Looking for openssl/aes.h
-- Looking for openssl/aes.h - found
-- Looking for openssl/ecdh.h
-- Looking for openssl/ecdh.h - found
-- Looking for openssl/ec.h
-- Looking for openssl/ec.h - found
-- Looking for openssl/ecdsa.h
-- Looking for openssl/ecdsa.h - found
-- Looking for EVP_KDF_CTX_new_id
-- Looking for EVP_KDF_CTX_new_id - not found
-- Looking for EVP_KDF_CTX_new
-- Looking for EVP_KDF_CTX_new - found
-- Looking for FIPS_mode
-- Looking for FIPS_mode - not found
-- Looking for RAND_priv_bytes
-- Looking for RAND_priv_bytes - found
-- Looking for EVP_DigestSign
-- Looking for EVP_DigestSign - found
-- Looking for EVP_DigestVerify
-- Looking for EVP_DigestVerify - found
-- Looking for OPENSSL_ia32cap_loc
-- Looking for OPENSSL_ia32cap_loc - not found
-- Looking for EVP_PKEY_ED25519
-- Looking for EVP_PKEY_ED25519 - found
-- Looking for EVP_chacha20
-- Looking for EVP_chacha20 - found
-- Looking for EVP_PKEY_POLY1305
-- Looking for EVP_PKEY_POLY1305 - found
-- Looking for EVP_PKEY_X25519
-- Looking for EVP_PKEY_X25519 - found
-- Looking for isblank
-- Looking for isblank - found
-- Looking for strncpy
-- Looking for strncpy - found
-- Looking for strndup
-- Looking for strndup - not found
-- Looking for strtoull
-- Looking for strtoull - found
-- Looking for explicit_bzero
-- Looking for explicit_bzero - not found
-- Looking for memset_s
-- Looking for memset_s - not found
-- Looking for vsnprintf
-- Looking for vsnprintf - found
-- Looking for snprintf
-- Looking for snprintf - found
-- Looking for _vsnprintf_s
-- Looking for _vsnprintf_s - found
-- Looking for _vsnprintf
-- Looking for _vsnprintf - found
-- Looking for _snprintf
-- Looking for _snprintf - found
-- Looking for _snprintf_s
-- Looking for _snprintf_s - found
-- Looking for ntohll
-- Looking for ntohll - found
-- Looking for htonll
-- Looking for htonll - found
-- Looking for select
-- Looking for select - found
-- Looking for getaddrinfo
-- Looking for getaddrinfo - found
-- Looking for _strtoui64
-- Looking for _strtoui64 - found
-- Looking for SecureZeroMemory
-- Looking for SecureZeroMemory - found
-- Performing Test HAVE_GCC_THREAD_LOCAL_STORAGE
-- Performing Test HAVE_GCC_THREAD_LOCAL_STORAGE - Failed
-- Performing Test HAVE_MSC_THREAD_LOCAL_STORAGE
-- Performing Test HAVE_MSC_THREAD_LOCAL_STORAGE - Success
-- Performing Test HAVE_CONSTRUCTOR_ATTRIBUTE
-- Performing Test HAVE_CONSTRUCTOR_ATTRIBUTE - Failed
-- Performing Test HAVE_DESTRUCTOR_ATTRIBUTE
-- Performing Test HAVE_DESTRUCTOR_ATTRIBUTE - Failed
-- Performing Test HAVE_FALLTHROUGH_ATTRIBUTE
-- Performing Test HAVE_FALLTHROUGH_ATTRIBUTE - Failed
-- Performing Test HAVE_WEAK_ATTRIBUTE
-- Performing Test HAVE_WEAK_ATTRIBUTE - Failed
-- Performing Test HAVE_GCC_VOLATILE_MEMORY_PROTECTION
-- Performing Test HAVE_GCC_VOLATILE_MEMORY_PROTECTION - Failed
-- Performing Test HAVE_COMPILER__FUNC__
-- Performing Test HAVE_COMPILER__FUNC__ - Success
-- Performing Test HAVE_COMPILER__FUNCTION__
-- Performing Test HAVE_COMPILER__FUNCTION__ - Success
-- Performing Test HAVE_LD_VERSION_SCRIPT
-- Performing Test HAVE_LD_VERSION_SCRIPT - Failed
-- Could NOT find Doxygen (missing: DOXYGEN_EXECUTABLE) 
-- Threads_FOUND=TRUE
-- ********************************************
-- ********** libssh build options : **********
-- zlib support: OFF
-- libgcrypt support: OFF
-- libmbedTLS support: OFF
-- libnacl support: OFF
-- SFTP support: ON
-- Server support : ON
-- GSSAPI support : OFF
-- GEX support : ON
-- Support insecure none cipher and MAC : OFF
-- Pcap debugging support : ON
-- Build shared library: ON
-- Unit testing: OFF
-- Client code testing: OFF
-- Blowfish cipher support: OFF
-- PKCS #11 URI support: OFF
-- DSA support: OFF
-- Server code testing: OFF
-- Public API documentation generation
-- Benchmarks: OFF
-- Symbol versioning: OFF
-- Allow ABI break: OFF
-- Release is final: 
-- Global client config: /etc/ssh/ssh_config
-- Global bind config: /etc/ssh/libssh_server_config
-- ********************************************
-- Configuring done (27.1s)
-- Generating done (0.0s)
CMake Warning:
  Manually-specified variables were not used by the project:

    FETCHCONTENT_FULLY_DISCONNECTED
    _VCPKG_ROOT_DIR


-- Build files have been written to: D:/ImportantData/Coding/EpsilonTheatrics/SSHServerTest/vcpkg_installed/vcpkg/blds/libssh/x64-windows-rel
[2/2] "C:/Program Files/Microsoft Visual Studio/2022/Community/Common7/IDE/CommonExtensions/Microsoft/CMake/CMake/bin/cmake.exe" -E chdir "../../x64-windows-dbg" "C:/Program Files/Microsoft Visual Studio/2022/Community/Common7/IDE/CommonExtensions/Microsoft/CMake/CMake/bin/cmake.exe" "D:/ImportantData/Coding/EpsilonTheatrics/SSHServerTest/vcpkg_installed/vcpkg/blds/libssh/src/libssh-0-5594e2099c.clean" "-G" "Ninja" "-DCMAKE_BUILD_TYPE=Debug" "-DCMAKE_INSTALL_PREFIX=D:/ImportantData/Coding/EpsilonTheatrics/SSHServerTest/vcpkg_installed/vcpkg/pkgs/libssh_x64-windows/debug" "-DFETCHCONTENT_FULLY_DISCONNECTED=ON" "-DWITH_PCAP=ON" "-DWITH_SERVER=ON" "-DWITH_ZLIB=OFF" "-DCMAKE_REQUIRE_FIND_PACKAGE_OpenSSL=ON" "-DWITH_EXAMPLES=OFF" "-DWITH_GSSAPI=OFF" "-DWITH_NACL=OFF" "-DWITH_SYMBOL_VERSIONING=OFF" "-DCMAKE_MAKE_PROGRAM=C:/Program Files/Microsoft Visual Studio/2022/Community/Common7/IDE/CommonExtensions/Microsoft/CMake/Ninja/ninja.exe" "-DBUILD_SHARED_LIBS=ON" "-DVCPKG_CHAINLOAD_TOOLCHAIN_FILE=C:/Program Files/Microsoft Visual Studio/2022/Community/VC/vcpkg/scripts/toolchains/windows.cmake" "-DVCPKG_TARGET_TRIPLET=x64-windows" "-DVCPKG_SET_CHARSET_FLAG=ON" "-DVCPKG_PLATFORM_TOOLSET=v143" "-DCMAKE_EXPORT_NO_PACKAGE_REGISTRY=ON" "-DCMAKE_FIND_PACKAGE_NO_PACKAGE_REGISTRY=ON" "-DCMAKE_FIND_PACKAGE_NO_SYSTEM_PACKAGE_REGISTRY=ON" "-DCMAKE_INSTALL_SYSTEM_RUNTIME_LIBS_SKIP=TRUE" "-DCMAKE_VERBOSE_MAKEFILE=ON" "-DVCPKG_APPLOCAL_DEPS=OFF" "-DCMAKE_TOOLCHAIN_FILE=C:/Program Files/Microsoft Visual Studio/2022/Community/VC/vcpkg/scripts/buildsystems/vcpkg.cmake" "-DCMAKE_ERROR_ON_ABSOLUTE_INSTALL_DESTINATION=ON" "-DVCPKG_CXX_FLAGS=" "-DVCPKG_CXX_FLAGS_RELEASE=" "-DVCPKG_CXX_FLAGS_DEBUG=" "-DVCPKG_C_FLAGS=" "-DVCPKG_C_FLAGS_RELEASE=" "-DVCPKG_C_FLAGS_DEBUG=" "-DVCPKG_CRT_LINKAGE=dynamic" "-DVCPKG_LINKER_FLAGS=" "-DVCPKG_LINKER_FLAGS_RELEASE=" "-DVCPKG_LINKER_FLAGS_DEBUG=" "-DVCPKG_TARGET_ARCHITECTURE=x64" "-DCMAKE_INSTALL_LIBDIR:STRING=lib" "-DCMAKE_INSTALL_BINDIR:STRING=bin" "-D_VCPKG_ROOT_DIR=C:/Program Files/Microsoft Visual Studio/2022/Community/VC/vcpkg" "-D_VCPKG_INSTALLED_DIR=D:/ImportantData/Coding/EpsilonTheatrics/SSHServerTest/vcpkg_installed" "-DVCPKG_MANIFEST_INSTALL=OFF"
CMake Deprecation Warning at CMakeLists.txt:1 (cmake_minimum_required):
  Compatibility with CMake < 3.5 will be removed from a future version of
  CMake.

  Update the VERSION argument <min> value or use a ...<max> suffix to tell
  CMake that the project does not need compatibility with older versions.


-- The C compiler identification is MSVC 19.42.34435.0
-- Detecting C compiler ABI info
-- Detecting C compiler ABI info - done
-- Check for working C compiler: C:/Program Files/Microsoft Visual Studio/2022/Community/VC/Tools/MSVC/14.42.34433/bin/Hostx64/x64/cl.exe - skipped
-- Detecting C compile features
-- Detecting C compile features - done
-- Could NOT find NSIS (missing: NSIS_MAKE) 
-- Performing Test WITH_/D__CRT_SECURE_CPP_OVERLOAD_STANDARD_NAMES_1_FLAG
-- Performing Test WITH_/D__CRT_SECURE_CPP_OVERLOAD_STANDARD_NAMES_1_FLAG - Success
-- Performing Test WITH_/D__CRT_SECURE_CPP_OVERLOAD_STANDARD_NAMES_COUNT_1_FLAG
-- Performing Test WITH_/D__CRT_SECURE_CPP_OVERLOAD_STANDARD_NAMES_COUNT_1_FLAG - Success
-- Performing Test WITH_/D__CRT_NONSTDC_NO_WARNINGS_1_FLAG
-- Performing Test WITH_/D__CRT_NONSTDC_NO_WARNINGS_1_FLAG - Success
-- Performing Test WITH_/D__CRT_SECURE_NO_WARNINGS_1_FLAG
-- Performing Test WITH_/D__CRT_SECURE_NO_WARNINGS_1_FLAG - Success
-- Found OpenSSL: optimized;D:/ImportantData/Coding/EpsilonTheatrics/SSHServerTest/vcpkg_installed/x64-windows/lib/libcrypto.lib;debug;D:/ImportantData/Coding/EpsilonTheatrics/SSHServerTest/vcpkg_installed/x64-windows/debug/lib/libcrypto.lib (found suitable version "3.4.0", minimum required is "1.0.1")
-- Performing Test CMAKE_HAVE_LIBC_PTHREAD
-- Performing Test CMAKE_HAVE_LIBC_PTHREAD - Failed
-- Looking for pthread_create in pthreads
-- Looking for pthread_create in pthreads - not found
-- Looking for pthread_create in pthread
-- Looking for pthread_create in pthread - not found
-- Found Threads: TRUE
CMake Warning (dev) at C:/Program Files/Microsoft Visual Studio/2022/Community/Common7/IDE/CommonExtensions/Microsoft/CMake/CMake/share/cmake-3.29/Modules/FindPackageHandleStandardArgs.cmake:438 (message):
  The package name passed to `find_package_handle_standard_args` (ARGP) does
  not match the name of the calling package (Argp).  This can lead to
  problems in calling code that expects `find_package` result variables
  (e.g., `_FOUND`) to follow a certain pattern.
Call Stack (most recent call first):
  cmake/Modules/FindArgp.cmake:67 (find_package_handle_standard_args)
  C:/Program Files/Microsoft Visual Studio/2022/Community/VC/vcpkg/scripts/buildsystems/vcpkg.cmake:859 (_find_package)
  CMakeLists.txt:114 (find_package)
This warning is for project developers.  Use -Wno-dev to suppress it.

-- Could NOT find ARGP (missing: ARGP_LIBRARIES ARGP_INCLUDE_DIR) 
-- Looking for argp.h
-- Looking for argp.h - not found
-- Looking for pty.h
-- Looking for pty.h - not found
-- Looking for utmp.h
-- Looking for utmp.h - not found
-- Looking for termios.h
-- Looking for termios.h - not found
-- Looking for unistd.h
-- Looking for unistd.h - not found
-- Looking for stdint.h
-- Looking for stdint.h - found
-- Looking for util.h
-- Looking for util.h - not found
-- Looking for libutil.h
-- Looking for libutil.h - not found
-- Looking for sys/time.h
-- Looking for sys/time.h - not found
-- Looking for sys/utime.h
-- Looking for sys/utime.h - found
-- Looking for sys/param.h
-- Looking for sys/param.h - not found
-- Looking for arpa/inet.h
-- Looking for arpa/inet.h - not found
-- Looking for byteswap.h
-- Looking for byteswap.h - not found
-- Looking for glob.h
-- Looking for glob.h - not found
-- Looking for valgrind/valgrind.h
-- Looking for valgrind/valgrind.h - not found
-- Looking for io.h
-- Looking for io.h - found
-- Looking for 3 include files winsock2.h, ..., wspiapi.h
-- Looking for 3 include files winsock2.h, ..., wspiapi.h - found
-- Looking for include files winsock2.h, ws2tcpip.h
-- Looking for include files winsock2.h, ws2tcpip.h - found
-- Looking for openssl/des.h
-- Looking for openssl/des.h - found
-- Looking for openssl/aes.h
-- Looking for openssl/aes.h - found
-- Looking for openssl/ecdh.h
-- Looking for openssl/ecdh.h - found
-- Looking for openssl/ec.h
-- Looking for openssl/ec.h - found
-- Looking for openssl/ecdsa.h
-- Looking for openssl/ecdsa.h - found
-- Looking for EVP_KDF_CTX_new_id
-- Looking for EVP_KDF_CTX_new_id - not found
-- Looking for EVP_KDF_CTX_new
-- Looking for EVP_KDF_CTX_new - found
-- Looking for FIPS_mode
-- Looking for FIPS_mode - not found
-- Looking for RAND_priv_bytes
-- Looking for RAND_priv_bytes - found
-- Looking for EVP_DigestSign
-- Looking for EVP_DigestSign - found
-- Looking for EVP_DigestVerify
-- Looking for EVP_DigestVerify - found
-- Looking for OPENSSL_ia32cap_loc
-- Looking for OPENSSL_ia32cap_loc - not found
-- Looking for EVP_PKEY_ED25519
-- Looking for EVP_PKEY_ED25519 - found
-- Looking for EVP_chacha20
-- Looking for EVP_chacha20 - found
-- Looking for EVP_PKEY_POLY1305
-- Looking for EVP_PKEY_POLY1305 - found
-- Looking for EVP_PKEY_X25519
-- Looking for EVP_PKEY_X25519 - found
-- Looking for isblank
-- Looking for isblank - found
-- Looking for strncpy
-- Looking for strncpy - found
-- Looking for strndup
-- Looking for strndup - not found
-- Looking for strtoull
-- Looking for strtoull - found
-- Looking for explicit_bzero
-- Looking for explicit_bzero - not found
-- Looking for memset_s
-- Looking for memset_s - not found
-- Looking for vsnprintf
-- Looking for vsnprintf - found
-- Looking for snprintf
-- Looking for snprintf - found
-- Looking for _vsnprintf_s
-- Looking for _vsnprintf_s - found
-- Looking for _vsnprintf
-- Looking for _vsnprintf - found
-- Looking for _snprintf
-- Looking for _snprintf - found
-- Looking for _snprintf_s
-- Looking for _snprintf_s - found
-- Looking for ntohll
-- Looking for ntohll - found
-- Looking for htonll
-- Looking for htonll - found
-- Looking for select
-- Looking for select - found
-- Looking for getaddrinfo
-- Looking for getaddrinfo - found
-- Looking for _strtoui64
-- Looking for _strtoui64 - found
-- Looking for SecureZeroMemory
-- Looking for SecureZeroMemory - found
-- Performing Test HAVE_GCC_THREAD_LOCAL_STORAGE
-- Performing Test HAVE_GCC_THREAD_LOCAL_STORAGE - Failed
-- Performing Test HAVE_MSC_THREAD_LOCAL_STORAGE
-- Performing Test HAVE_MSC_THREAD_LOCAL_STORAGE - Success
-- Performing Test HAVE_CONSTRUCTOR_ATTRIBUTE
-- Performing Test HAVE_CONSTRUCTOR_ATTRIBUTE - Failed
-- Performing Test HAVE_DESTRUCTOR_ATTRIBUTE
-- Performing Test HAVE_DESTRUCTOR_ATTRIBUTE - Failed
-- Performing Test HAVE_FALLTHROUGH_ATTRIBUTE
-- Performing Test HAVE_FALLTHROUGH_ATTRIBUTE - Failed
-- Performing Test HAVE_WEAK_ATTRIBUTE
-- Performing Test HAVE_WEAK_ATTRIBUTE - Failed
-- Performing Test HAVE_GCC_VOLATILE_MEMORY_PROTECTION
-- Performing Test HAVE_GCC_VOLATILE_MEMORY_PROTECTION - Failed
-- Performing Test HAVE_COMPILER__FUNC__
-- Performing Test HAVE_COMPILER__FUNC__ - Success
-- Performing Test HAVE_COMPILER__FUNCTION__
-- Performing Test HAVE_COMPILER__FUNCTION__ - Success
-- Performing Test HAVE_LD_VERSION_SCRIPT
-- Performing Test HAVE_LD_VERSION_SCRIPT - Failed
-- Could NOT find Doxygen (missing: DOXYGEN_EXECUTABLE) 
-- Threads_FOUND=TRUE
-- ********************************************
-- ********** libssh build options : **********
-- zlib support: OFF
-- libgcrypt support: OFF
-- libmbedTLS support: OFF
-- libnacl support: OFF
-- SFTP support: ON
-- Server support : ON
-- GSSAPI support : OFF
-- GEX support : ON
-- Support insecure none cipher and MAC : OFF
-- Pcap debugging support : ON
-- Build shared library: ON
-- Unit testing: OFF
-- Client code testing: OFF
-- Blowfish cipher support: OFF
-- PKCS #11 URI support: OFF
-- DSA support: OFF
-- Server code testing: OFF
-- Public API documentation generation
-- Benchmarks: OFF
-- Symbol versioning: OFF
-- Allow ABI break: OFF
-- Release is final: 
-- Global client config: /etc/ssh/ssh_config
-- Global bind config: /etc/ssh/libssh_server_config
-- ********************************************
-- Configuring done (27.1s)
-- Generating done (0.0s)
CMake Warning:
  Manually-specified variables were not used by the project:

    FETCHCONTENT_FULLY_DISCONNECTED
    _VCPKG_ROOT_DIR


-- Build files have been written to: D:/ImportantData/Coding/EpsilonTheatrics/SSHServerTest/vcpkg_installed/vcpkg/blds/libssh/x64-windows-dbg
